01-Dec-2017 22:32:13.159 INFORMAZIONI [main] org.apache.catalina.startup.VersionLoggerListener.log Server version:        Apache Tomcat/8.5.24
01-Dec-2017 22:32:13.161 INFORMAZIONI [main] org.apache.catalina.startup.VersionLoggerListener.log Server built:          Nov 27 2017 13:05:30 UTC
01-Dec-2017 22:32:13.161 INFORMAZIONI [main] org.apache.catalina.startup.VersionLoggerListener.log Server number:         8.5.24.0
01-Dec-2017 22:32:13.161 INFORMAZIONI [main] org.apache.catalina.startup.VersionLoggerListener.log OS Name:               Mac OS X
01-Dec-2017 22:32:13.161 INFORMAZIONI [main] org.apache.catalina.startup.VersionLoggerListener.log OS Version:            10.12.6
01-Dec-2017 22:32:13.161 INFORMAZIONI [main] org.apache.catalina.startup.VersionLoggerListener.log Architecture:          x86_64
01-Dec-2017 22:32:13.161 INFORMAZIONI [main] org.apache.catalina.startup.VersionLoggerListener.log Java Home:             /Library/Java/JavaVirtualMachines/jdk1.8.0_121.jdk/Contents/Home/jre
01-Dec-2017 22:32:13.162 INFORMAZIONI [main] org.apache.catalina.startup.VersionLoggerListener.log JVM Version:           1.8.0_121-b13
01-Dec-2017 22:32:13.162 INFORMAZIONI [main] org.apache.catalina.startup.VersionLoggerListener.log JVM Vendor:            Oracle Corporation
01-Dec-2017 22:32:13.162 INFORMAZIONI [main] org.apache.catalina.startup.VersionLoggerListener.log CATALINA_BASE:         /Users/lorenzovalente/ContraderFrameworkJSP/apache-tomcat-8.5.24
01-Dec-2017 22:32:13.162 INFORMAZIONI [main] org.apache.catalina.startup.VersionLoggerListener.log CATALINA_HOME:         /Users/lorenzovalente/ContraderFrameworkJSP/apache-tomcat-8.5.24
01-Dec-2017 22:32:13.162 INFORMAZIONI [main] org.apache.catalina.startup.VersionLoggerListener.log Command line argument: -Djava.util.logging.config.file=/Users/lorenzovalente/ContraderFrameworkJSP/apache-tomcat-8.5.24/conf/logging.properties
01-Dec-2017 22:32:13.162 INFORMAZIONI [main] org.apache.catalina.startup.VersionLoggerListener.log Command line argument: -Djava.util.logging.manager=org.apache.juli.ClassLoaderLogManager
01-Dec-2017 22:32:13.163 INFORMAZIONI [main] org.apache.catalina.startup.VersionLoggerListener.log Command line argument: -Djdk.tls.ephemeralDHKeySize=2048
01-Dec-2017 22:32:13.163 INFORMAZIONI [main] org.apache.catalina.startup.VersionLoggerListener.log Command line argument: -Djava.protocol.handler.pkgs=org.apache.catalina.webresources
01-Dec-2017 22:32:13.163 INFORMAZIONI [main] org.apache.catalina.startup.VersionLoggerListener.log Command line argument: -Dignore.endorsed.dirs=
01-Dec-2017 22:32:13.163 INFORMAZIONI [main] org.apache.catalina.startup.VersionLoggerListener.log Command line argument: -Dcatalina.base=/Users/lorenzovalente/ContraderFrameworkJSP/apache-tomcat-8.5.24
01-Dec-2017 22:32:13.163 INFORMAZIONI [main] org.apache.catalina.startup.VersionLoggerListener.log Command line argument: -Dcatalina.home=/Users/lorenzovalente/ContraderFrameworkJSP/apache-tomcat-8.5.24
01-Dec-2017 22:32:13.163 INFORMAZIONI [main] org.apache.catalina.startup.VersionLoggerListener.log Command line argument: -Djava.io.tmpdir=/Users/lorenzovalente/ContraderFrameworkJSP/apache-tomcat-8.5.24/temp
01-Dec-2017 22:32:13.163 INFORMAZIONI [main] org.apache.catalina.core.AprLifecycleListener.lifecycleEvent The APR based Apache Tomcat Native library which allows optimal performance in production environments was not found on the java.library.path: [/Users/lorenzovalente/Library/Java/Extensions:/Library/Java/Extensions:/Network/Library/Java/Extensions:/System/Library/Java/Extensions:/usr/lib/java:.]
01-Dec-2017 22:32:13.268 INFORMAZIONI [main] org.apache.coyote.AbstractProtocol.init Initializing ProtocolHandler ["http-nio-8080"]
01-Dec-2017 22:32:13.290 GRAVE [main] org.apache.catalina.core.StandardService.initInternal Failed to initialize connector [Connector[HTTP/1.1-8080]]
 org.apache.catalina.LifecycleException: Failed to initialize component [Connector[HTTP/1.1-8080]]
	at org.apache.catalina.util.LifecycleBase.init(LifecycleBase.java:112)
	at org.apache.catalina.core.StandardService.initInternal(StandardService.java:549)
	at org.apache.catalina.util.LifecycleBase.init(LifecycleBase.java:107)
	at org.apache.catalina.core.StandardServer.initInternal(StandardServer.java:875)
	at org.apache.catalina.util.LifecycleBase.init(LifecycleBase.java:107)
	at org.apache.catalina.startup.Catalina.load(Catalina.java:621)
	at org.apache.catalina.startup.Catalina.load(Catalina.java:644)
	at sun.reflect.NativeMethodAccessorImpl.invoke0(Native Method)
	at sun.reflect.NativeMethodAccessorImpl.invoke(NativeMethodAccessorImpl.java:62)
	at sun.reflect.DelegatingMethodAccessorImpl.invoke(DelegatingMethodAccessorImpl.java:43)
	at java.lang.reflect.Method.invoke(Method.java:498)
	at org.apache.catalina.startup.Bootstrap.load(Bootstrap.java:309)
	at org.apache.catalina.startup.Bootstrap.main(Bootstrap.java:492)
Caused by: org.apache.catalina.LifecycleException: Protocol handler initialization failed
	at org.apache.catalina.connector.Connector.initInternal(Connector.java:995)
	at org.apache.catalina.util.LifecycleBase.init(LifecycleBase.java:107)
	... 12 more
Caused by: java.net.BindException: Address already in use
	at sun.nio.ch.Net.bind0(Native Method)
	at sun.nio.ch.Net.bind(Net.java:433)
	at sun.nio.ch.Net.bind(Net.java:425)
	at sun.nio.ch.ServerSocketChannelImpl.bind(ServerSocketChannelImpl.java:223)
	at sun.nio.ch.ServerSocketAdaptor.bind(ServerSocketAdaptor.java:74)
	at org.apache.tomcat.util.net.NioEndpoint.bind(NioEndpoint.java:210)
	at org.apache.tomcat.util.net.AbstractEndpoint.init(AbstractEndpoint.java:1082)
	at org.apache.tomcat.util.net.AbstractJsseEndpoint.init(AbstractJsseEndpoint.java:267)
	at org.apache.coyote.AbstractProtocol.init(AbstractProtocol.java:581)
	at org.apache.coyote.http11.AbstractHttp11Protocol.init(AbstractHttp11Protocol.java:66)
	at org.apache.catalina.connector.Connector.initInternal(Connector.java:993)
	... 13 more

01-Dec-2017 22:32:13.292 INFORMAZIONI [main] org.apache.coyote.AbstractProtocol.init Initializing ProtocolHandler ["ajp-nio-8009"]
01-Dec-2017 22:32:13.293 GRAVE [main] org.apache.catalina.core.StandardService.initInternal Failed to initialize connector [Connector[AJP/1.3-8009]]
 org.apache.catalina.LifecycleException: Failed to initialize component [Connector[AJP/1.3-8009]]
	at org.apache.catalina.util.LifecycleBase.init(LifecycleBase.java:112)
	at org.apache.catalina.core.StandardService.initInternal(StandardService.java:549)
	at org.apache.catalina.util.LifecycleBase.init(LifecycleBase.java:107)
	at org.apache.catalina.core.StandardServer.initInternal(StandardServer.java:875)
	at org.apache.catalina.util.LifecycleBase.init(LifecycleBase.java:107)
	at org.apache.catalina.startup.Catalina.load(Catalina.java:621)
	at org.apache.catalina.startup.Catalina.load(Catalina.java:644)
	at sun.reflect.NativeMethodAccessorImpl.invoke0(Native Method)
	at sun.reflect.NativeMethodAccessorImpl.invoke(NativeMethodAccessorImpl.java:62)
	at sun.reflect.DelegatingMethodAccessorImpl.invoke(DelegatingMethodAccessorImpl.java:43)
	at java.lang.reflect.Method.invoke(Method.java:498)
	at org.apache.catalina.startup.Bootstrap.load(Bootstrap.java:309)
	at org.apache.catalina.startup.Bootstrap.main(Bootstrap.java:492)
Caused by: org.apache.catalina.LifecycleException: Protocol handler initialization failed
	at org.apache.catalina.connector.Connector.initInternal(Connector.java:995)
	at org.apache.catalina.util.LifecycleBase.init(LifecycleBase.java:107)
	... 12 more
Caused by: java.net.BindException: Address already in use
	at sun.nio.ch.Net.bind0(Native Method)
	at sun.nio.ch.Net.bind(Net.java:433)
	at sun.nio.ch.Net.bind(Net.java:425)
	at sun.nio.ch.ServerSocketChannelImpl.bind(ServerSocketChannelImpl.java:223)
	at sun.nio.ch.ServerSocketAdaptor.bind(ServerSocketAdaptor.java:74)
	at org.apache.tomcat.util.net.NioEndpoint.bind(NioEndpoint.java:210)
	at org.apache.tomcat.util.net.AbstractEndpoint.init(AbstractEndpoint.java:1082)
	at org.apache.tomcat.util.net.AbstractJsseEndpoint.init(AbstractJsseEndpoint.java:267)
	at org.apache.coyote.AbstractProtocol.init(AbstractProtocol.java:581)
	at org.apache.catalina.connector.Connector.initInternal(Connector.java:993)
	... 13 more

01-Dec-2017 22:32:13.293 INFORMAZIONI [main] org.apache.catalina.startup.Catalina.load Initialization processed in 477 ms
01-Dec-2017 22:32:13.324 INFORMAZIONI [main] org.apache.catalina.core.StandardService.startInternal Starting service [Catalina]
01-Dec-2017 22:32:13.324 INFORMAZIONI [main] org.apache.catalina.core.StandardEngine.startInternal Starting Servlet Engine: Apache Tomcat/8.5.24
01-Dec-2017 22:32:13.332 INFORMAZIONI [localhost-startStop-1] org.apache.catalina.startup.HostConfig.deployDirectory Deploying web application directory [/Users/lorenzovalente/ContraderFrameworkJSP/apache-tomcat-8.5.24/webapps/docs]
01-Dec-2017 22:32:13.607 INFORMAZIONI [localhost-startStop-1] org.apache.catalina.startup.HostConfig.deployDirectory Deployment of web application directory [/Users/lorenzovalente/ContraderFrameworkJSP/apache-tomcat-8.5.24/webapps/docs] has finished in [275] ms
01-Dec-2017 22:32:13.607 INFORMAZIONI [localhost-startStop-1] org.apache.catalina.startup.HostConfig.deployDirectory Deploying web application directory [/Users/lorenzovalente/ContraderFrameworkJSP/apache-tomcat-8.5.24/webapps/examples]
01-Dec-2017 22:32:13.871 INFORMAZIONI [localhost-startStop-1] org.apache.catalina.startup.HostConfig.deployDirectory Deployment of web application directory [/Users/lorenzovalente/ContraderFrameworkJSP/apache-tomcat-8.5.24/webapps/examples] has finished in [263] ms
01-Dec-2017 22:32:13.871 INFORMAZIONI [localhost-startStop-1] org.apache.catalina.startup.HostConfig.deployDirectory Deploying web application directory [/Users/lorenzovalente/ContraderFrameworkJSP/apache-tomcat-8.5.24/webapps/host-manager]
01-Dec-2017 22:32:13.887 INFORMAZIONI [localhost-startStop-1] org.apache.catalina.startup.HostConfig.deployDirectory Deployment of web application directory [/Users/lorenzovalente/ContraderFrameworkJSP/apache-tomcat-8.5.24/webapps/host-manager] has finished in [16] ms
01-Dec-2017 22:32:13.887 INFORMAZIONI [localhost-startStop-1] org.apache.catalina.startup.HostConfig.deployDirectory Deploying web application directory [/Users/lorenzovalente/ContraderFrameworkJSP/apache-tomcat-8.5.24/webapps/manager]
01-Dec-2017 22:32:13.900 INFORMAZIONI [localhost-startStop-1] org.apache.catalina.startup.HostConfig.deployDirectory Deployment of web application directory [/Users/lorenzovalente/ContraderFrameworkJSP/apache-tomcat-8.5.24/webapps/manager] has finished in [13] ms
01-Dec-2017 22:32:13.900 INFORMAZIONI [localhost-startStop-1] org.apache.catalina.startup.HostConfig.deployDirectory Deploying web application directory [/Users/lorenzovalente/ContraderFrameworkJSP/apache-tomcat-8.5.24/webapps/ROOT]
01-Dec-2017 22:32:13.909 INFORMAZIONI [localhost-startStop-1] org.apache.catalina.startup.HostConfig.deployDirectory Deployment of web application directory [/Users/lorenzovalente/ContraderFrameworkJSP/apache-tomcat-8.5.24/webapps/ROOT] has finished in [9] ms
01-Dec-2017 22:32:13.911 INFORMAZIONI [main] org.apache.catalina.startup.Catalina.start Server startup in 617 ms
01-Dec-2017 22:32:13.915 GRAVE [main] org.apache.catalina.core.StandardServer.await StandardServer.await: create[localhost:8005]: 
 java.net.BindException: Address already in use (Bind failed)
	at java.net.PlainSocketImpl.socketBind(Native Method)
	at java.net.AbstractPlainSocketImpl.bind(AbstractPlainSocketImpl.java:387)
	at java.net.ServerSocket.bind(ServerSocket.java:375)
	at java.net.ServerSocket.<init>(ServerSocket.java:237)
	at org.apache.catalina.core.StandardServer.await(StandardServer.java:440)
	at org.apache.catalina.startup.Catalina.await(Catalina.java:758)
	at org.apache.catalina.startup.Catalina.start(Catalina.java:704)
	at sun.reflect.NativeMethodAccessorImpl.invoke0(Native Method)
	at sun.reflect.NativeMethodAccessorImpl.invoke(NativeMethodAccessorImpl.java:62)
	at sun.reflect.DelegatingMethodAccessorImpl.invoke(DelegatingMethodAccessorImpl.java:43)
	at java.lang.reflect.Method.invoke(Method.java:498)
	at org.apache.catalina.startup.Bootstrap.start(Bootstrap.java:353)
	at org.apache.catalina.startup.Bootstrap.main(Bootstrap.java:493)

01-Dec-2017 22:32:13.915 INFORMAZIONI [main] org.apache.coyote.AbstractProtocol.pause Pausing ProtocolHandler ["http-nio-8080"]
01-Dec-2017 22:32:13.916 INFORMAZIONI [main] org.apache.coyote.AbstractProtocol.pause Pausing ProtocolHandler ["ajp-nio-8009"]
01-Dec-2017 22:32:13.916 INFORMAZIONI [main] org.apache.catalina.core.StandardService.stopInternal Stopping service [Catalina]
01-Dec-2017 22:32:13.930 INFORMAZIONI [main] org.apache.coyote.AbstractProtocol.stop Stopping ProtocolHandler ["http-nio-8080"]
01-Dec-2017 22:32:13.930 INFORMAZIONI [main] org.apache.coyote.AbstractProtocol.destroy Destroying ProtocolHandler ["http-nio-8080"]
01-Dec-2017 22:32:13.931 INFORMAZIONI [main] org.apache.coyote.AbstractProtocol.stop Stopping ProtocolHandler ["ajp-nio-8009"]
01-Dec-2017 22:32:13.931 INFORMAZIONI [main] org.apache.coyote.AbstractProtocol.destroy Destroying ProtocolHandler ["ajp-nio-8009"]
